[INFO|8:06:25]: harrypotter824 stood on water 1 times (can't stand on AIR or STATIONARY_WATER) 
[INFO|8:06:31]: harrypotter824 stood on water 2 times (can't stand on AIR or STATIONARY_WATER) 
[INFO|8:12:12]: superluke4747 stood on water 1 times (can't stand on AIR or STATIONARY_WATER) 
[INFO|8:24:30]: max62591462 ascended 8 times in a row (max = 8) 
[INFO|8:25:40]: max62591462 ascended 8 times in a row (max = 8) 
[INFO|8:25:50]: max62591462 ascended 8 times in a row (max = 8) 
[INFO|8:29:24]: Phantom2030's y speed was too high (speed=1.5926045976350593, max=0.5) 
[INFO|8:30:25]: Phantom2030 tried to break 2 blocks in 949 ms (max=2 in 950 ms) 
[INFO|8:38:59]: Phantom2030 ascended 8 times in a row (max = 8) 
[INFO|8:41:39]: THE_lil_Rook tried to avoid fall damage (fall distance = 0 9 times in a row, max=9) 
[INFO|8:41:39]: THE_lil_Rook's y speed was too high (speed=0.5546255304958976, max=0.5) 
[INFO|8:41:48]: THE_lil_Rook spam-repeated "hello" 
[INFO|8:42:09]: THE_lil_Rook tried to avoid fall damage (fall distance = 0 9 times in a row, max=9) 
[INFO|8:42:20]: THE_lil_Rook tried to avoid fall damage (fall distance = 0 9 times in a row, max=9) 
[INFO|8:43:44]: Phantom2030 tried to break 2 blocks in 1346 ms (max=2 in 1350 ms) 
[INFO|8:44:13]: Phantom2030 tried to break 2 blocks in 701 ms (max=2 in 750 ms) 
[INFO|8:46:07]: Phantom2030 spam-repeated "yeah" 
[INFO|8:46:12]: Phantom2030 spam-repeated "yeah" 
[INFO|8:47:14]: Phantom2030 tried to break 2 blocks in 650 ms (max=2 in 750 ms) 
[INFO|8:48:16]: Phantom2030 tried to break 2 blocks in 648 ms (max=2 in 750 ms) 
[INFO|8:50:28]: Phantom2030 tried to break 2 blocks in 701 ms (max=2 in 750 ms) 
[INFO|8:50:49]: Phantom2030 tried to break 2 blocks in 701 ms (max=2 in 750 ms) 
[INFO|8:51:43]: Phantom2030 tried to break 2 blocks in 701 ms (max=2 in 750 ms) 
[INFO|8:55:25]: Phantom2030 tried to break 2 blocks in 500 ms (max=2 in 525 ms) 
[INFO|8:55:36]: Phantom2030 switched tools too fast (had IRON_PICKAXE, has STONE_SPADE) 
[INFO|8:55:36]: Phantom2030 switched tools too fast (had STONE_SPADE, has STONE_SWORD) 
[INFO|8:55:37]: Phantom2030 switched tools too fast (had STONE_SWORD, has STONE_SPADE) 
[INFO|8:55:41]: Beast964 tried to avoid fall damage (fall distance = 0 9 times in a row, max=9) 
[INFO|8:55:41]: Beast964 tried to avoid fall damage (fall distance = 0 9 times in a row, max=9) 
[INFO|8:55:43]: Beast964 tried to avoid fall damage (fall distance = 0 9 times in a row, max=9) 
[INFO|8:55:45]: Phantom2030 switched tools too fast (had STONE_SPADE, has STONE_SWORD) 
[INFO|8:55:45]: Phantom2030 switched tools too fast (had STONE_SWORD, has STONE_SPADE) 
[INFO|8:55:45]: Phantom2030 switched tools too fast (had STONE_SPADE, has IRON_PICKAXE) 
[INFO|8:55:48]: Phantom2030 switched tools too fast (had STONE_SPADE, has IRON_PICKAXE) 
[INFO|8:57:08]: Beast964 spam-repeated "lol" 
[INFO|8:57:21]: Beast964's speed was too high 3 times in a row (max=3, speed=1.2107491493225098, max speed=0.25) 
[INFO|8:57:22]: Beast964's speed was too high 3 times in a row (max=3, speed=1.2107491493225098, max speed=0.25) 
[INFO|8:57:23]: Beast964's speed was too high 3 times in a row (max=3, speed=1.2107491493225098, max speed=0.25) 
[INFO|8:57:23]: Beast964's speed was too high 3 times in a row (max=3, speed=1.2107491493225098, max speed=0.25) 
[INFO|8:57:23]: Beast964's speed was too high 3 times in a row (max=3, speed=1.2107491493225098, max speed=0.25) 
[INFO|8:57:25]: Beast964's speed was too high 3 times in a row (max=3, speed=1.1947932243347168, max speed=0.25) 
[INFO|8:57:27]: Beast964's speed was too high 3 times in a row (max=3, speed=1.1947932243347168, max speed=0.25) 
[INFO|8:57:30]: Beast964's speed was too high 3 times in a row (max=3, speed=1.2072234153747416, max speed=0.25) 
[INFO|8:57:31]: Beast964's speed was too high 3 times in a row (max=3, speed=1.2107492685317993, max speed=0.25) 
[INFO|8:58:41]: Beast964 tried to break 2 blocks in 302 ms (max=2 in 350 ms) 
[INFO|8:59:36]: Phantom2030 switched tools too fast (had IRON_PICKAXE, has STONE_SPADE) 
[INFO|9:01:53]: Phantom2030 tried to break 2 blocks in 399 ms (max=2 in 525 ms) 
[INFO|9:04:41]: Beast964 tried to break 2 blocks in 300 ms (max=2 in 350 ms) 
[INFO|9:05:09]: Beast964 tried to break 2 blocks in 249 ms (max=2 in 350 ms) 
[INFO|9:06:24]: Beast964's y speed was too high (speed=2.5416000032424932, max=0.5) 
[INFO|9:06:27]: Beast964's y speed was too high (speed=4.541600003242493, max=0.5) 
[INFO|9:06:31]: Beast964's y speed was too high (speed=10.541600003242493, max=0.5) 
[INFO|9:07:21]: Beast964's y speed was too high (speed=1.2765958309173584, max=0.5) 
[INFO|9:07:21]: Beast964's speed was too high 3 times in a row (max=3, speed=1.6679435968399048, max speed=0.25) 
[INFO|9:07:22]: Beast964's y speed was too high (speed=1.2765958309173584, max=0.5) 
[INFO|9:07:22]: Beast964's speed was too high 3 times in a row (max=3, speed=1.6679435968399048, max speed=0.25) 
[INFO|9:07:22]: Beast964's speed was too high 3 times in a row (max=3, speed=0.3320564031600952, max speed=0.25) 
[INFO|9:07:23]: Beast964's speed was too high 3 times in a row (max=3, speed=1.6679435968399048, max speed=0.25) 
[INFO|9:07:24]: Beast964's y speed was too high (speed=1.2765958309173584, max=0.5) 
[INFO|9:07:24]: Beast964's y speed was too high (speed=1.2765958309173584, max=0.5) 
[INFO|9:10:08]: piefaceman89 spam-repeated "hahahahahhahahahahahahhhahahahahahahahahhahahahahahahahahhahahahah" 
[INFO|9:10:08]: piefaceman89 spam-repeated "hahahahahhahahahahahahhhahahahahahahahahhahahahahahahahahhahahahah" 
[INFO|9:10:09]: piefaceman89 spam-repeated "hahahahahhahahahahahahhhahahahahahahahahhahahahahahahahahhahahahah" 
[INFO|9:10:09]: piefaceman89 spam-repeated "hahahahahhahahahahahahhhahahahahahahahahhahahahahahahahahhahahahah" 
[INFO|9:10:09]: piefaceman89 was kicked for hacking. (Chat spam) 
[INFO|9:10:54]: Phantom2030 tried to break 2 blocks in 449 ms (max=2 in 525 ms) 
[INFO|10:00:57]: Baku310's speed was too high 3 times in a row (max=3, speed=0.3272342494892939, max speed=0.25) 
[INFO|10:03:16]: zappy589 switched tools too fast (had AIR, has STONE_AXE) 
[INFO|10:03:37]: Baku310 tried to break 2 blocks in 804 ms (max=2 in 950 ms) 
[INFO|10:11:36]: zappy589 healed too quickly (time=175 ms, min=2000 ms) 
[INFO|10:22:47]: suicidegoatman66 didn't animate before damaging a PLAYER 
[INFO|11:44:18]: osae12 tried to break 2 blocks in 855 ms (max=2 in 950 ms) 
[INFO|4:16:34]: ShineyX's speed was too high 3 times in a row (max=3, speed=1.4695184230804443, max speed=0.25) 
[INFO|4:17:20]: ShineyX tried to break a block of STEP after only 0 punches (min=5) 
[INFO|4:17:20]: ShineyX reached too far for a block (distance=11.91207848901115, max=5.5) 
[INFO|4:17:22]: ShineyX's speed was too high 3 times in a row (max=3, speed=1.0430283546447754, max speed=0.25) 
[INFO|4:17:22]: ShineyX's speed was too high while sprinting 3 times in a row (max=3, speed=1.0430283546447754, max speed=0.65) 
[INFO|4:17:22]: ShineyX's speed was too high while sprinting 3 times in a row (max=3, speed=1.0430283546447754, max speed=0.65) 
[INFO|4:17:22]: ShineyX's speed was too high while sprinting 3 times in a row (max=3, speed=1.0430283546447754, max speed=0.65) 
[INFO|4:17:27]: ShineyX's y speed was too high (speed=1.0, max=0.5) 
[INFO|4:17:28]: ShineyX's y speed was too high (speed=1.0, max=0.5) 
[INFO|4:17:28]: ShineyX's y speed was too high (speed=1.0, max=0.5) 
[INFO|4:17:28]: ShineyX's y speed was too high (speed=1.0, max=0.5) 
[INFO|4:17:28]: ShineyX's y speed was too high (speed=1.0, max=0.5) 
[INFO|4:47:59]: Maximilian2_0 stood on water 1 times (can't stand on AIR or STATIONARY_WATER) 
[INFO|4:48:00]: Maximilian2_0 stood on water 2 times (can't stand on AIR or STATIONARY_WATER) 
[INFO|4:48:29]: Maximilian2_0 ascended 8 times in a row (max = 8) 
[INFO|5:38:20]: viktoo_r tried to break a block of STEP after only 0 punches (min=5) 
[INFO|5:38:20]: viktoo_r reached too far for a block (distance=38.235355997189174, max=5.5) 
[INFO|5:38:27]: viktoo_r tried to break a block of FENCE after only 0 punches (min=5) 
[INFO|5:38:30]: viktoo_r tried to break a block of FENCE after only 1 punches (min=5) 
[INFO|5:38:30]: viktoo_r reached too far for a block (distance=5.558308996248456, max=5.5) 
[INFO|5:38:33]: viktoo_r tried to break a block of FENCE after only 0 punches (min=5) 
[INFO|5:38:34]: viktoo_r switched tools too fast (had STONE_SWORD, has AIR) 
[INFO|5:38:34]: viktoo_r switched tools too fast (had STONE_SWORD, has AIR) 
[INFO|5:38:34]: viktoo_r switched tools too fast (had STONE_SWORD, has AIR) 
[INFO|5:38:34]: viktoo_r switched tools too fast (had STONE_SWORD, has AIR) 
[INFO|5:38:34]: viktoo_r switched tools too fast (had STONE_SWORD, has AIR) 
[INFO|5:38:34]: viktoo_r switched tools too fast (had STONE_SWORD, has AIR) 
[INFO|5:38:34]: viktoo_r switched tools too fast (had STONE_SWORD, has AIR) 
[INFO|5:38:34]: viktoo_r switched tools too fast (had STONE_SWORD, has AIR) 
[INFO|5:38:34]: viktoo_r switched tools too fast (had STONE_SWORD, has AIR) 
[INFO|5:38:34]: viktoo_r switched tools too fast (had STONE_SWORD, has AIR) 
[INFO|5:38:34]: viktoo_r switched tools too fast (had STONE_SWORD, has AIR) 
[INFO|5:38:34]: viktoo_r switched tools too fast (had STONE_SWORD, has AIR) 
[INFO|5:38:34]: viktoo_r switched tools too fast (had STONE_SWORD, has AIR) 
[INFO|5:38:34]: viktoo_r has just entered the Medium hack group. 
[INFO|5:38:34]: viktoo_r's last failed check was: Autotool. 
[INFO|5:38:34]: Type '/anticheat report viktoo_r' for more information. 
[INFO|5:38:34]: viktoo_r switched tools too fast (had STONE_SWORD, has AIR) 
[INFO|5:38:34]: viktoo_r switched tools too fast (had STONE_SWORD, has AIR) 
[INFO|5:38:34]: viktoo_r switched tools too fast (had STONE_SWORD, has AIR) 
[INFO|5:38:34]: viktoo_r switched tools too fast (had STONE_SWORD, has AIR) 
[INFO|5:38:34]: viktoo_r switched tools too fast (had STONE_SWORD, has AIR) 
[INFO|5:38:34]: viktoo_r switched tools too fast (had STONE_SWORD, has AIR) 
[INFO|5:38:34]: viktoo_r switched tools too fast (had STONE_SWORD, has AIR) 
[INFO|5:38:34]: viktoo_r switched tools too fast (had STONE_SWORD, has AIR) 
[INFO|5:38:34]: viktoo_r switched tools too fast (had STONE_SWORD, has AIR) 
[INFO|5:38:34]: viktoo_r switched tools too fast (had STONE_SWORD, has AIR) 
[INFO|5:38:34]: viktoo_r switched tools too fast (had STONE_SWORD, has AIR) 
[INFO|5:38:34]: viktoo_r switched tools too fast (had STONE_SWORD, has AIR) 
[INFO|5:38:34]: viktoo_r switched tools too fast (had STONE_SWORD, has AIR) 
[INFO|5:38:34]: viktoo_r switched tools too fast (had STONE_SWORD, has AIR) 
[INFO|5:38:34]: viktoo_r switched tools too fast (had STONE_SWORD, has AIR) 
[INFO|5:38:34]: viktoo_r switched tools too fast (had STONE_SWORD, has AIR) 
[INFO|5:38:34]: viktoo_r switched tools too fast (had STONE_SWORD, has AIR) 
[INFO|5:38:34]: viktoo_r switched tools too fast (had STONE_SWORD, has AIR) 
[INFO|5:38:34]: viktoo_r switched tools too fast (had STONE_SWORD, has AIR) 
[INFO|5:38:34]: viktoo_r switched tools too fast (had STONE_SWORD, has AIR) 
[INFO|5:38:34]: viktoo_r switched tools too fast (had STONE_SWORD, has AIR) 
[INFO|5:38:34]: viktoo_r switched tools too fast (had STONE_SWORD, has AIR) 
[INFO|5:38:34]: viktoo_r switched tools too fast (had STONE_SWORD, has AIR) 
[INFO|5:38:34]: viktoo_r switched tools too fast (had STONE_SWORD, has AIR) 
[INFO|5:38:34]: viktoo_r switched tools too fast (had STONE_SWORD, has AIR) 
[INFO|5:38:34]: viktoo_r switched tools too fast (had STONE_SWORD, has AIR) 
[INFO|5:38:34]: viktoo_r switched tools too fast (had STONE_SWORD, has AIR) 
[INFO|5:38:34]: viktoo_r switched tools too fast (had STONE_SWORD, has AIR) 
[INFO|5:38:34]: viktoo_r switched tools too fast (had STONE_SWORD, has AIR) 
[INFO|5:38:34]: viktoo_r switched tools too fast (had STONE_SWORD, has AIR) 
[INFO|5:38:34]: viktoo_r has just entered the High hack group. 
[INFO|5:38:34]: viktoo_r's last failed check was: Autotool. 
[INFO|5:38:34]: Type '/anticheat report viktoo_r' for more information. 
[INFO|5:38:34]: viktoo_r switched tools too fast (had STONE_SWORD, has AIR) 
[INFO|5:38:34]: viktoo_r switched tools too fast (had STONE_SWORD, has AIR) 
[INFO|5:38:34]: viktoo_r switched tools too fast (had STONE_SWORD, has AIR) 
[INFO|5:38:34]: viktoo_r switched tools too fast (had STONE_SWORD, has AIR) 
[INFO|5:38:34]: viktoo_r switched tools too fast (had STONE_SWORD, has AIR) 
[INFO|5:38:34]: viktoo_r switched tools too fast (had STONE_SWORD, has AIR) 
[INFO|5:38:34]: viktoo_r switched tools too fast (had STONE_SWORD, has AIR) 
[INFO|5:38:34]: viktoo_r switched tools too fast (had STONE_SWORD, has AIR) 
[INFO|5:38:34]: viktoo_r switched tools too fast (had STONE_SWORD, has AIR) 
[INFO|5:38:34]: viktoo_r switched tools too fast (had STONE_SWORD, has AIR) 
[INFO|5:38:34]: viktoo_r has just entered the High hack group. 
[INFO|5:38:34]: viktoo_r's last failed check was: Autotool. 
[INFO|5:38:34]: Type '/anticheat report viktoo_r' for more information. 
[INFO|5:38:34]: viktoo_r switched tools too fast (had STONE_SWORD, has AIR) 
[INFO|5:38:34]: viktoo_r switched tools too fast (had STONE_SWORD, has AIR) 
[INFO|5:38:34]: viktoo_r switched tools too fast (had STONE_SWORD, has AIR) 
[INFO|5:38:34]: viktoo_r switched tools too fast (had STONE_SWORD, has AIR) 
[INFO|5:38:34]: viktoo_r switched tools too fast (had STONE_SWORD, has AIR) 
[INFO|5:38:34]: viktoo_r switched tools too fast (had STONE_SWORD, has AIR) 
[INFO|5:38:34]: viktoo_r switched tools too fast (had STONE_SWORD, has AIR) 
[INFO|5:38:34]: viktoo_r switched tools too fast (had STONE_SWORD, has AIR) 
[INFO|5:38:34]: viktoo_r switched tools too fast (had STONE_SWORD, has AIR) 
[INFO|5:38:34]: viktoo_r switched tools too fast (had STONE_SWORD, has AIR) 
[INFO|5:38:34]: viktoo_r has just entered the High hack group. 
[INFO|5:38:34]: viktoo_r's last failed check was: Autotool. 
[INFO|5:38:34]: Type '/anticheat report viktoo_r' for more information. 
[INFO|5:38:34]: viktoo_r switched tools too fast (had STONE_SWORD, has AIR) 
[INFO|5:38:34]: viktoo_r switched tools too fast (had STONE_SWORD, has AIR) 
[INFO|5:38:34]: viktoo_r switched tools too fast (had STONE_SWORD, has AIR) 
[INFO|5:38:34]: viktoo_r switched tools too fast (had STONE_SWORD, has AIR) 
[INFO|5:38:34]: viktoo_r switched tools too fast (had STONE_SWORD, has AIR) 
[INFO|5:38:34]: viktoo_r switched tools too fast (had STONE_SWORD, has AIR) 
[INFO|5:38:34]: viktoo_r switched tools too fast (had STONE_SWORD, has AIR) 
[INFO|5:38:34]: viktoo_r switched tools too fast (had STONE_SWORD, has AIR) 
[INFO|5:38:34]: viktoo_r switched tools too fast (had STONE_SWORD, has AIR) 
[INFO|5:38:34]: viktoo_r switched tools too fast (had STONE_SWORD, has AIR) 
[INFO|5:38:34]: viktoo_r has just entered the High hack group. 
[INFO|5:38:34]: viktoo_r's last failed check was: Autotool. 
[INFO|5:38:34]: Type '/anticheat report viktoo_r' for more information. 
[INFO|5:38:34]: viktoo_r switched tools too fast (had STONE_SWORD, has AIR) 
[INFO|5:38:34]: viktoo_r switched tools too fast (had STONE_SWORD, has AIR) 
[INFO|5:38:34]: viktoo_r switched tools too fast (had STONE_SWORD, has AIR) 
[INFO|5:38:34]: viktoo_r switched tools too fast (had STONE_SWORD, has AIR) 
[INFO|5:38:34]: viktoo_r switched tools too fast (had STONE_SWORD, has AIR) 
[INFO|5:38:34]: viktoo_r switched tools too fast (had STONE_SWORD, has AIR) 
[INFO|5:38:34]: viktoo_r switched tools too fast (had STONE_SWORD, has AIR) 
[INFO|5:38:34]: viktoo_r switched tools too fast (had STONE_SWORD, has AIR) 
[INFO|5:38:34]: viktoo_r switched tools too fast (had STONE_SWORD, has AIR) 
[INFO|5:38:34]: viktoo_r switched tools too fast (had STONE_SWORD, has AIR) 
[INFO|5:38:34]: viktoo_r has just entered the High hack group. 
[INFO|5:38:34]: viktoo_r's last failed check was: Autotool. 
[INFO|5:38:34]: Type '/anticheat report viktoo_r' for more information. 
[INFO|5:38:34]: viktoo_r switched tools too fast (had STONE_SWORD, has AIR) 
[INFO|5:38:34]: viktoo_r was kicked for hacking. (Autotool) 
[INFO|5:38:40]: viktoo_r switched tools too fast (had STONE_SWORD, has AIR) 
[INFO|5:38:40]: viktoo_r switched tools too fast (had STONE_SWORD, has AIR) 
[INFO|5:38:40]: viktoo_r switched tools too fast (had STONE_SWORD, has AIR) 
[INFO|5:38:40]: viktoo_r switched tools too fast (had STONE_SWORD, has AIR) 
[INFO|5:38:40]: viktoo_r switched tools too fast (had STONE_SWORD, has AIR) 
[INFO|5:38:40]: viktoo_r switched tools too fast (had STONE_SWORD, has AIR) 
[INFO|5:38:40]: viktoo_r switched tools too fast (had STONE_SWORD, has AIR) 
[INFO|5:38:40]: viktoo_r switched tools too fast (had STONE_SWORD, has AIR) 
[INFO|5:38:40]: viktoo_r switched tools too fast (had STONE_SWORD, has AIR) 
[INFO|5:38:40]: viktoo_r has just entered the High hack group. 
[INFO|5:38:40]: viktoo_r's last failed check was: Autotool. 
[INFO|5:38:40]: Type '/anticheat report viktoo_r' for more information. 
[INFO|5:38:40]: viktoo_r switched tools too fast (had STONE_SWORD, has AIR) 
[INFO|5:38:40]: viktoo_r switched tools too fast (had STONE_SWORD, has AIR) 
[INFO|5:38:40]: viktoo_r switched tools too fast (had STONE_SWORD, has AIR) 
[INFO|5:38:40]: viktoo_r switched tools too fast (had STONE_SWORD, has AIR) 
[INFO|5:38:40]: viktoo_r switched tools too fast (had STONE_SWORD, has AIR) 
[INFO|5:38:40]: viktoo_r switched tools too fast (had STONE_SWORD, has AIR) 
[INFO|5:38:40]: viktoo_r switched tools too fast (had STONE_SWORD, has AIR) 
[INFO|5:38:40]: viktoo_r switched tools too fast (had STONE_SWORD, has AIR) 
[INFO|5:38:40]: viktoo_r switched tools too fast (had STONE_SWORD, has AIR) 
[INFO|5:38:40]: viktoo_r switched tools too fast (had STONE_SWORD, has AIR) 
[INFO|5:38:40]: viktoo_r has just entered the High hack group. 
[INFO|5:38:40]: viktoo_r's last failed check was: Autotool. 
[INFO|5:38:40]: Type '/anticheat report viktoo_r' for more information. 
[INFO|5:38:40]: viktoo_r switched tools too fast (had STONE_SWORD, has AIR) 
[INFO|5:38:40]: viktoo_r switched tools too fast (had STONE_SWORD, has AIR) 
[INFO|5:38:40]: viktoo_r switched tools too fast (had STONE_SWORD, has AIR) 
[INFO|5:38:40]: viktoo_r switched tools too fast (had STONE_SWORD, has AIR) 
[INFO|5:38:40]: viktoo_r switched tools too fast (had STONE_SWORD, has AIR) 
[INFO|5:38:40]: viktoo_r switched tools too fast (had STONE_SWORD, has AIR) 
[INFO|5:38:40]: viktoo_r switched tools too fast (had STONE_SWORD, has AIR) 
[INFO|5:38:40]: viktoo_r switched tools too fast (had STONE_SWORD, has AIR) 
[INFO|5:38:40]: viktoo_r switched tools too fast (had STONE_SWORD, has AIR) 
[INFO|5:38:40]: viktoo_r switched tools too fast (had STONE_SWORD, has AIR) 
[INFO|5:38:40]: viktoo_r has just entered the High hack group. 
[INFO|5:38:40]: viktoo_r's last failed check was: Autotool. 
[INFO|5:38:40]: Type '/anticheat report viktoo_r' for more information. 
[INFO|5:38:40]: viktoo_r switched tools too fast (had STONE_SWORD, has AIR) 
[INFO|5:38:40]: viktoo_r switched tools too fast (had STONE_SWORD, has AIR) 
[INFO|5:38:40]: viktoo_r switched tools too fast (had STONE_SWORD, has AIR) 
[INFO|5:38:40]: viktoo_r switched tools too fast (had STONE_SWORD, has AIR) 
[INFO|5:38:40]: viktoo_r switched tools too fast (had STONE_SWORD, has AIR) 
[INFO|5:38:40]: viktoo_r switched tools too fast (had STONE_SWORD, has AIR) 
[INFO|5:38:40]: viktoo_r switched tools too fast (had STONE_SWORD, has AIR) 
[INFO|5:38:40]: viktoo_r switched tools too fast (had STONE_SWORD, has AIR) 
[INFO|5:38:40]: viktoo_r switched tools too fast (had STONE_SWORD, has AIR) 
[INFO|5:38:40]: viktoo_r switched tools too fast (had STONE_SWORD, has AIR) 
[INFO|5:38:40]: viktoo_r has just entered the High hack group. 
[INFO|5:38:40]: viktoo_r's last failed check was: Autotool. 
[INFO|5:38:40]: Type '/anticheat report viktoo_r' for more information. 
[INFO|5:38:40]: viktoo_r switched tools too fast (had STONE_SWORD, has AIR) 
[INFO|5:38:40]: viktoo_r switched tools too fast (had STONE_SWORD, has AIR) 
[INFO|5:38:40]: viktoo_r switched tools too fast (had STONE_SWORD, has AIR) 
[INFO|5:38:40]: viktoo_r switched tools too fast (had STONE_SWORD, has AIR) 
[INFO|5:38:40]: viktoo_r switched tools too fast (had STONE_SWORD, has AIR) 
[INFO|5:38:40]: viktoo_r switched tools too fast (had STONE_SWORD, has AIR) 
[INFO|5:38:40]: viktoo_r switched tools too fast (had STONE_SWORD, has AIR) 
[INFO|5:38:40]: viktoo_r switched tools too fast (had STONE_SWORD, has AIR) 
[INFO|5:38:40]: viktoo_r switched tools too fast (had STONE_SWORD, has AIR) 
[INFO|5:38:40]: viktoo_r switched tools too fast (had STONE_SWORD, has AIR) 
[INFO|5:38:40]: viktoo_r has just entered the High hack group. 
[INFO|5:38:40]: viktoo_r's last failed check was: Autotool. 
[INFO|5:38:40]: Type '/anticheat report viktoo_r' for more information. 
[INFO|5:38:40]: viktoo_r switched tools too fast (had STONE_SWORD, has AIR) 
[INFO|5:38:40]: viktoo_r switched tools too fast (had STONE_SWORD, has AIR) 
[INFO|5:38:40]: viktoo_r switched tools too fast (had STONE_SWORD, has AIR) 
[INFO|5:38:40]: viktoo_r switched tools too fast (had STONE_SWORD, has AIR) 
[INFO|5:38:40]: viktoo_r switched tools too fast (had STONE_SWORD, has AIR) 
[INFO|5:38:40]: viktoo_r switched tools too fast (had STONE_SWORD, has AIR) 
[INFO|5:38:40]: viktoo_r switched tools too fast (had STONE_SWORD, has AIR) 
[INFO|5:38:40]: viktoo_r switched tools too fast (had STONE_SWORD, has AIR) 
[INFO|5:38:40]: viktoo_r switched tools too fast (had STONE_SWORD, has AIR) 
[INFO|5:38:40]: viktoo_r switched tools too fast (had STONE_SWORD, has AIR) 
[INFO|5:38:40]: viktoo_r has just entered the High hack group. 
[INFO|5:38:40]: viktoo_r's last failed check was: Autotool. 
[INFO|5:38:40]: Type '/anticheat report viktoo_r' for more information. 
[INFO|5:38:40]: viktoo_r switched tools too fast (had STONE_SWORD, has AIR) 
[INFO|5:38:40]: viktoo_r switched tools too fast (had STONE_SWORD, has AIR) 
[INFO|5:38:40]: viktoo_r switched tools too fast (had STONE_SWORD, has AIR) 
[INFO|5:38:40]: viktoo_r switched tools too fast (had STONE_SWORD, has AIR) 
[INFO|5:38:40]: viktoo_r switched tools too fast (had STONE_SWORD, has AIR) 
[INFO|5:38:40]: viktoo_r switched tools too fast (had STONE_SWORD, has AIR) 
[INFO|5:38:40]: viktoo_r switched tools too fast (had STONE_SWORD, has AIR) 
[INFO|5:38:40]: viktoo_r switched tools too fast (had STONE_SWORD, has AIR) 
[INFO|5:38:40]: viktoo_r switched tools too fast (had STONE_SWORD, has AIR) 
[INFO|5:38:40]: viktoo_r switched tools too fast (had STONE_SWORD, has AIR) 
[INFO|5:38:40]: viktoo_r has just entered the High hack group. 
[INFO|5:38:40]: viktoo_r's last failed check was: Autotool. 
[INFO|5:38:40]: Type '/anticheat report viktoo_r' for more information. 
[INFO|5:38:40]: viktoo_r switched tools too fast (had STONE_SWORD, has AIR) 
[INFO|5:38:40]: viktoo_r switched tools too fast (had STONE_SWORD, has AIR) 
[INFO|5:38:40]: viktoo_r switched tools too fast (had STONE_SWORD, has AIR) 
[INFO|5:38:40]: viktoo_r switched tools too fast (had STONE_SWORD, has AIR) 
[INFO|5:38:40]: viktoo_r switched tools too fast (had STONE_SWORD, has AIR) 
[INFO|5:38:40]: viktoo_r switched tools too fast (had STONE_SWORD, has AIR) 
[INFO|5:38:40]: viktoo_r switched tools too fast (had STONE_SWORD, has AIR) 
[INFO|5:38:40]: viktoo_r switched tools too fast (had STONE_SWORD, has AIR) 
[INFO|5:38:40]: viktoo_r switched tools too fast (had STONE_SWORD, has AIR) 
[INFO|5:38:40]: viktoo_r switched tools too fast (had STONE_SWORD, has AIR) 
[INFO|5:38:40]: viktoo_r has just entered the High hack group. 
[INFO|5:38:40]: viktoo_r's last failed check was: Autotool. 
[INFO|5:38:40]: Type '/anticheat report viktoo_r' for more information. 
[INFO|5:38:40]: viktoo_r switched tools too fast (had STONE_SWORD, has AIR) 
[INFO|5:38:40]: viktoo_r switched tools too fast (had STONE_SWORD, has AIR) 
[INFO|5:38:40]: viktoo_r switched tools too fast (had STONE_SWORD, has AIR) 
[INFO|5:38:40]: viktoo_r switched tools too fast (had STONE_SWORD, has AIR) 
[INFO|5:38:40]: viktoo_r switched tools too fast (had STONE_SWORD, has AIR) 
[INFO|5:38:40]: viktoo_r switched tools too fast (had STONE_SWORD, has AIR) 
[INFO|5:38:40]: viktoo_r switched tools too fast (had STONE_SWORD, has AIR) 
[INFO|5:38:40]: viktoo_r switched tools too fast (had STONE_SWORD, has AIR) 
[INFO|5:38:40]: viktoo_r switched tools too fast (had STONE_SWORD, has AIR) 
[INFO|5:38:40]: viktoo_r switched tools too fast (had STONE_SWORD, has AIR) 
[INFO|5:38:40]: viktoo_r has just entered the High hack group. 
[INFO|5:38:40]: viktoo_r's last failed check was: Autotool. 
[INFO|5:38:40]: Type '/anticheat report viktoo_r' for more information. 
[INFO|5:38:40]: viktoo_r switched tools too fast (had STONE_SWORD, has AIR) 
[INFO|5:38:40]: viktoo_r switched tools too fast (had STONE_SWORD, has AIR) 
[INFO|5:38:40]: viktoo_r switched tools too fast (had STONE_SWORD, has AIR) 
[INFO|5:38:40]: viktoo_r switched tools too fast (had STONE_SWORD, has AIR) 
[INFO|5:38:40]: viktoo_r switched tools too fast (had STONE_SWORD, has AIR) 
[INFO|5:38:40]: viktoo_r switched tools too fast (had STONE_SWORD, has AIR) 
[INFO|5:38:40]: viktoo_r switched tools too fast (had STONE_SWORD, has AIR) 
[INFO|5:38:40]: viktoo_r switched tools too fast (had STONE_SWORD, has AIR) 
[INFO|5:38:40]: viktoo_r switched tools too fast (had STONE_SWORD, has AIR) 
[INFO|5:38:40]: viktoo_r switched tools too fast (had STONE_SWORD, has AIR) 
[INFO|5:38:40]: viktoo_r has just entered the High hack group. 
[INFO|5:38:40]: viktoo_r's last failed check was: Autotool. 
[INFO|5:38:40]: Type '/anticheat report viktoo_r' for more information. 
[INFO|5:38:40]: viktoo_r switched tools too fast (had STONE_SWORD, has AIR) 
[INFO|5:38:40]: viktoo_r switched tools too fast (had STONE_SWORD, has AIR) 
[INFO|5:38:40]: viktoo_r switched tools too fast (had STONE_SWORD, has AIR) 
[INFO|5:38:40]: viktoo_r switched tools too fast (had STONE_SWORD, has AIR) 
[INFO|5:38:40]: viktoo_r switched tools too fast (had STONE_SWORD, has AIR) 
[INFO|5:38:40]: viktoo_r switched tools too fast (had STONE_SWORD, has AIR) 
[INFO|5:38:40]: viktoo_r switched tools too fast (had STONE_SWORD, has AIR) 
[INFO|5:38:40]: viktoo_r switched tools too fast (had STONE_SWORD, has AIR) 
[INFO|5:38:40]: viktoo_r switched tools too fast (had STONE_SWORD, has AIR) 
[INFO|5:38:40]: viktoo_r switched tools too fast (had STONE_SWORD, has AIR) 
[INFO|5:38:40]: viktoo_r has just entered the High hack group. 
[INFO|5:38:40]: viktoo_r's last failed check was: Autotool. 
[INFO|5:38:40]: Type '/anticheat report viktoo_r' for more information. 
[INFO|5:38:40]: viktoo_r switched tools too fast (had STONE_SWORD, has AIR) 
[INFO|5:38:40]: viktoo_r switched tools too fast (had STONE_SWORD, has AIR) 
[INFO|5:38:40]: viktoo_r switched tools too fast (had STONE_SWORD, has AIR) 
[INFO|5:38:40]: viktoo_r switched tools too fast (had STONE_SWORD, has AIR) 
[INFO|5:38:40]: viktoo_r switched tools too fast (had STONE_SWORD, has AIR) 
[INFO|5:38:40]: viktoo_r switched tools too fast (had STONE_SWORD, has AIR) 
[INFO|5:38:40]: viktoo_r switched tools too fast (had STONE_SWORD, has AIR) 
[INFO|5:38:40]: viktoo_r switched tools too fast (had STONE_SWORD, has AIR) 
[INFO|5:38:40]: viktoo_r switched tools too fast (had STONE_SWORD, has AIR) 
[INFO|5:38:40]: viktoo_r switched tools too fast (had STONE_SWORD, has AIR) 
[INFO|5:38:40]: viktoo_r has just entered the High hack group. 
[INFO|5:38:40]: viktoo_r's last failed check was: Autotool. 
[INFO|5:38:40]: Type '/anticheat report viktoo_r' for more information. 
[INFO|5:38:40]: viktoo_r switched tools too fast (had STONE_SWORD, has AIR) 
[INFO|5:38:40]: viktoo_r switched tools too fast (had STONE_SWORD, has AIR) 
[INFO|5:38:40]: viktoo_r switched tools too fast (had STONE_SWORD, has AIR) 
[INFO|5:38:40]: viktoo_r switched tools too fast (had STONE_SWORD, has AIR) 
[INFO|5:38:40]: viktoo_r switched tools too fast (had STONE_SWORD, has AIR) 
[INFO|5:38:40]: viktoo_r switched tools too fast (had STONE_SWORD, has AIR) 
[INFO|5:38:40]: viktoo_r was kicked for hacking. (Autotool) 
[INFO|6:04:43]: CaptainKillacube's y speed was too high (speed=1.125, max=0.5) 
[INFO|12:28:36]: MLKelly tried to fly on y-axis in 800 ms (min =1000) 
[INFO|1:04:57]: MegaDude777 ascended 8 times in a row (max = 8) 
[INFO|1:04:57]: MegaDude777 ascended 8 times in a row (max = 8) 
[INFO|1:04:58]: MegaDude777's y speed was too high (speed=0.7531999805212024, max=0.5) 
[INFO|1:12:08]: Narumphalump123 ascended 8 times in a row (max = 8) 
[INFO|1:12:58]: Narumphalump123 switched tools too fast (had STONE_SWORD, has STONE_PICKAXE) 
[INFO|1:12:58]: Narumphalump123 switched tools too fast (had STONE_PICKAXE, has STONE_SPADE) 
[INFO|1:23:01]: blocks323 tried to avoid fall damage (fall distance = 0 9 times in a row, max=9) 
[INFO|1:23:10]: blocks323 tried to avoid fall damage (fall distance = 0 9 times in a row, max=9) 
[INFO|1:23:34]: blocks323 switched tools too fast (had STONE_PICKAXE, has STONE_SWORD) 
[INFO|1:23:34]: blocks323 switched tools too fast (had STONE_SWORD, has STONE_PICKAXE) 
[INFO|1:23:35]: blocks323 switched tools too fast (had STONE_PICKAXE, has STONE_AXE) 
[INFO|1:40:30]: Narumphalump123 tried to break a block of SAND after only 3 punches (min=5) 
[INFO|1:52:43]: Narumphalump123 stood on water 4 times (can't stand on STATIONARY_WATER or SAND) 
[INFO|1:52:51]: Narumphalump123 stood on water 4 times (can't stand on STATIONARY_WATER or SAND) 
[INFO|1:53:00]: Narumphalump123 stood on water 4 times (can't stand on STATIONARY_WATER or SAND) 
[INFO|1:53:09]: Narumphalump123 stood on water 4 times (can't stand on STATIONARY_WATER or SAND) 
[INFO|1:53:18]: Narumphalump123 stood on water 4 times (can't stand on STATIONARY_WATER or SAND) 
[INFO|1:53:27]: Narumphalump123 stood on water 4 times (can't stand on STATIONARY_WATER or SAND) 
[INFO|1:53:36]: Narumphalump123 stood on water 4 times (can't stand on STATIONARY_WATER or SAND) 
[INFO|1:53:45]: Narumphalump123 stood on water 4 times (can't stand on STATIONARY_WATER or SAND) 
[INFO|1:53:54]: Narumphalump123 stood on water 4 times (can't stand on STATIONARY_WATER or SAND) 
[INFO|1:54:03]: Narumphalump123 stood on water 4 times (can't stand on STATIONARY_WATER or SAND) 
[INFO|1:54:12]: Narumphalump123 stood on water 4 times (can't stand on STATIONARY_WATER or SAND) 
[INFO|1:54:22]: Narumphalump123 stood on water 4 times (can't stand on STATIONARY_WATER or SAND) 
[INFO|1:54:31]: Narumphalump123 stood on water 4 times (can't stand on STATIONARY_WATER or SAND) 
[INFO|1:54:40]: Narumphalump123 stood on water 4 times (can't stand on STATIONARY_WATER or SAND) 
[INFO|1:54:49]: Narumphalump123 stood on water 4 times (can't stand on STATIONARY_WATER or SAND) 
[INFO|1:54:58]: Narumphalump123 stood on water 4 times (can't stand on STATIONARY_WATER or SAND) 
[INFO|1:55:07]: Narumphalump123 stood on water 4 times (can't stand on STATIONARY_WATER or SAND) 
[INFO|1:55:16]: Narumphalump123 stood on water 4 times (can't stand on STATIONARY_WATER or SAND) 
[INFO|1:55:25]: Narumphalump123 stood on water 4 times (can't stand on STATIONARY_WATER or SAND) 
[INFO|1:55:34]: Narumphalump123 has just entered the Medium hack group. 
[INFO|1:55:34]: Narumphalump123's last failed check was: Water walk. 
[INFO|1:55:34]: Type '/anticheat report Narumphalump123' for more information. 
[INFO|1:55:34]: Narumphalump123 stood on water 4 times (can't stand on STATIONARY_WATER or SAND) 
[INFO|1:55:43]: Narumphalump123 stood on water 4 times (can't stand on STATIONARY_WATER or SAND) 
[INFO|1:55:52]: Narumphalump123 stood on water 4 times (can't stand on STATIONARY_WATER or SAND) 
[INFO|1:56:01]: Narumphalump123 stood on water 4 times (can't stand on STATIONARY_WATER or SAND) 
[INFO|1:56:11]: Narumphalump123 stood on water 4 times (can't stand on STATIONARY_WATER or SAND) 
[INFO|1:56:20]: Narumphalump123 stood on water 4 times (can't stand on STATIONARY_WATER or SAND) 
[INFO|1:56:29]: Narumphalump123 stood on water 4 times (can't stand on STATIONARY_WATER or SAND) 
[INFO|1:56:38]: Narumphalump123 stood on water 4 times (can't stand on STATIONARY_WATER or SAND) 
[INFO|1:56:47]: Narumphalump123 stood on water 4 times (can't stand on STATIONARY_WATER or SAND) 
[INFO|1:56:56]: Narumphalump123 stood on water 4 times (can't stand on STATIONARY_WATER or SAND) 
[INFO|1:57:05]: Narumphalump123 stood on water 4 times (can't stand on STATIONARY_WATER or SAND) 
[INFO|1:57:14]: Narumphalump123 stood on water 4 times (can't stand on STATIONARY_WATER or SAND) 
[INFO|1:57:23]: Narumphalump123 stood on water 4 times (can't stand on STATIONARY_WATER or SAND) 
[INFO|1:57:32]: Narumphalump123 stood on water 4 times (can't stand on STATIONARY_WATER or SAND) 
[INFO|1:57:41]: Narumphalump123 stood on water 4 times (can't stand on STATIONARY_WATER or SAND) 
[INFO|1:57:50]: Narumphalump123 stood on water 4 times (can't stand on STATIONARY_WATER or SAND) 
[INFO|1:57:59]: Narumphalump123 stood on water 4 times (can't stand on STATIONARY_WATER or SAND) 
[INFO|1:58:00]: Narumphalump123 stood on water 4 times (can't stand on STATIONARY_WATER or SAND) 
[INFO|1:58:10]: Narumphalump123 stood on water 4 times (can't stand on STATIONARY_WATER or SAND) 
[INFO|1:58:18]: Narumphalump123 stood on water 4 times (can't stand on STATIONARY_WATER or SAND) 
[INFO|1:58:28]: Narumphalump123 stood on water 4 times (can't stand on STATIONARY_WATER or SAND) 
[INFO|1:58:37]: Narumphalump123 stood on water 4 times (can't stand on STATIONARY_WATER or SAND) 
[INFO|1:58:46]: Narumphalump123 stood on water 4 times (can't stand on STATIONARY_WATER or SAND) 
[INFO|1:58:55]: Narumphalump123 stood on water 4 times (can't stand on STATIONARY_WATER or SAND) 
[INFO|1:59:04]: Narumphalump123 stood on water 4 times (can't stand on STATIONARY_WATER or SAND) 
[INFO|1:59:13]: Narumphalump123 stood on water 4 times (can't stand on STATIONARY_WATER or SAND) 
[INFO|1:59:22]: Narumphalump123 stood on water 4 times (can't stand on STATIONARY_WATER or SAND) 
[INFO|1:59:31]: Narumphalump123 stood on water 4 times (can't stand on STATIONARY_WATER or SAND) 
[INFO|1:59:40]: Narumphalump123 stood on water 4 times (can't stand on STATIONARY_WATER or SAND) 
[INFO|1:59:49]: Narumphalump123 stood on water 4 times (can't stand on STATIONARY_WATER or SAND) 
[INFO|1:59:58]: Narumphalump123 has just entered the High hack group. 
[INFO|1:59:58]: Narumphalump123's last failed check was: Water walk. 
[INFO|1:59:58]: Type '/anticheat report Narumphalump123' for more information. 
[INFO|1:59:58]: Narumphalump123 stood on water 4 times (can't stand on STATIONARY_WATER or SAND) 
[INFO|1:59:58]: Narumphalump123 was kicked for hacking. (Water walk) 
[INFO|2:04:59]: XxRaidanAidanxX stood on water 1 times (can't stand on AIR or STATIONARY_WATER) 
[INFO|2:07:26]: minecraft09best ascended 8 times in a row (max = 8) 
[INFO|2:18:09]: Narumphalump123 stood on water 4 times (can't stand on STATIONARY_WATER or SAND) 
[INFO|2:51:16]: Narumphalump123 stood on water 4 times (can't stand on STATIONARY_WATER or SAND) 
[INFO|2:51:25]: Narumphalump123 stood on water 4 times (can't stand on STATIONARY_WATER or SAND) 
[INFO|2:51:34]: Narumphalump123 stood on water 4 times (can't stand on STATIONARY_WATER or SAND) 
[INFO|2:51:44]: Narumphalump123 stood on water 4 times (can't stand on STATIONARY_WATER or SAND) 
[INFO|2:51:53]: Narumphalump123 stood on water 4 times (can't stand on STATIONARY_WATER or SAND) 
[INFO|2:52:02]: Narumphalump123 stood on water 4 times (can't stand on STATIONARY_WATER or SAND) 
[INFO|2:52:11]: Narumphalump123 stood on water 4 times (can't stand on STATIONARY_WATER or SAND) 
[INFO|2:52:20]: Narumphalump123 stood on water 4 times (can't stand on STATIONARY_WATER or SAND) 
[INFO|2:52:29]: Narumphalump123 has just entered the High hack group. 
[INFO|2:52:29]: Narumphalump123's last failed check was: Water walk. 
[INFO|2:52:29]: Type '/anticheat report Narumphalump123' for more information. 
[INFO|2:52:29]: Narumphalump123 stood on water 4 times (can't stand on STATIONARY_WATER or SAND) 
[INFO|2:52:29]: Narumphalump123 was kicked for hacking. (Water walk) 
[INFO|2:57:14]: Narumphalump123 stood on water 4 times (can't stand on STATIONARY_WATER or SAND) 
[INFO|2:57:23]: Narumphalump123 stood on water 4 times (can't stand on STATIONARY_WATER or SAND) 
[INFO|2:57:32]: Narumphalump123 stood on water 4 times (can't stand on STATIONARY_WATER or SAND) 
[INFO|2:57:42]: Narumphalump123 stood on water 4 times (can't stand on STATIONARY_WATER or SAND) 
[INFO|4:13:40]: Narumphalump123 tried to break a block of SAND after only 4 punches (min=5) 
[INFO|4:24:03]: Narumphalump123 ascended 8 times in a row (max = 8) 
[INFO|4:48:05]: Narumphalump123 was kicked for hacking. (Command spam) 
[INFO|4:48:54]: Narumphalump123 was kicked for hacking. (Command spam) 
[INFO|4:55:59]: Narumphalump123 ascended 8 times in a row (max = 8) 
[INFO|4:56:41]: Narumphalump123 tried to break 2 blocks in 2 ms (max=2 in 100 ms) 
[INFO|2:55:28]: Narumphalump123 ascended 8 times in a row (max = 8) 
[INFO|2:57:22]: Narumphalump123 was banned for hacking. (Command spam) 
[INFO|6:13:05]: shaz4evaa switched tools too fast (had STONE_AXE, has STONE_PICKAXE) 
[INFO|6:13:09]: shaz4evaa switched tools too fast (had STONE_PICKAXE, has AIR) 
[INFO|6:13:09]: shaz4evaa switched tools too fast (had AIR, has STONE_AXE) 
[INFO|6:14:50]: shaz4evaa ascended 8 times in a row (max = 8) 
[INFO|6:15:30]: shaz4evaa switched tools too fast (had STONE_SPADE, has STONE_SWORD) 
[INFO|6:17:06]: shaz4evaa ascended 8 times in a row (max = 8) 
